Loaded count:  19241
Count: 19241 Pos Error: 0Loaded count:  19241
Count: 19241 Pos Error: 0Loaded count:  19255
Count: 19255 Pos Error: 0Count:  19256
Pos Error:  21
Count:  19257
Pos Error:  -2
Count:  19258
Pos Error:  0
Count:  19259
Pos Error:  -6
Count:  19260
Pos Error:  -2
Count:  19261
Pos Error:  -2
Count:  19262
Pos Error:  -3
Count:  19263
Pos Error:  1
Count:  19264
Pos Error:  -2
Count:  19265
Pos Error:  0
Count:  19266
Pos Error:  0
Count:  19267
Pos Error:  -6
Count:  19268
Pos Error:  -2
Count:  19269
Pos Error:  -2
Count:  19270
Pos Error:  -2
Count:  19271
Pos Error:  0
Count:  19272
Pos Error:  -2
Count:  19273
Pos Error:  -2
Count:  19274
Pos Error:  -2
Count:  19275
Pos Error:  -8
Count:  19276
Pos Error:  -2
Count:  19277
Pos Error:  0
Count:  19278
Pos Error:  0
Count:  19279
Pos Error:  -2
Count:  19280
Pos Error:  0
Count:  19281
Pos Error:  0
Count:  19282
Pos Error:  -2
Count:  19283
Pos Error:  0
Count:  19284
Pos Error:  0
Count:  19285
Pos Error:  0
Count:  19286
Pos Error:  -2
Count:  19287
Pos Error:  -2
Count:  19288
Pos Error:  -2
Count:  19289
Pos Error:  -2
Count:  19290
Pos Error:  -2
Count:  19291
Pos Error:  -2
Count:  19292
Pos Error:  -2
Count:  19293
Pos Error:  -2
Count:  19294
Pos Error:  0
Count:  19295
Pos Error:  -2
Count:  19296
Pos Error:  -2
Count:  19297
Pos Error:  -2
Count:  19298
Pos Error:  0
Count:  19299
Pos Error:  -2
Count:  19300
Pos Error:  -2
Count:  19301
Pos Error:  -2
Count:  19302
Pos Error:  0
Count:  19303
Pos Error:  -2
Count:  19304
Pos Error:  -6
Count:  19305
Pos Error:  -2
Count:  19306
Pos Error:  -2
Count:  19307
Pos Error:  -2
Count:  19308
Pos Error:  0
Count:  19309
Pos Error:  -2
Count:  19310
Pos Error:  0
Count:  19311
Pos Error:  -2
Count:  19312
Pos Error:  0
Count:  19313
Pos Error:  -2
Count:  19314
Pos Error:  0
Count:  19315
Pos Error:  0
Count:  19316
Pos Error:  0
Count:  19317
Pos Error:  0
Count:  19318
Pos Error:  -2
Count:  19319
Pos Error:  -2
Count:  19320
Pos Error:  0
Count:  19321
Pos Error:  0
Count:  19322
Pos Error:  0
Count:  19323
Pos Error:  -2
Count:  19324
Pos Error:  -2
Count:  19325
Pos Error:  -2
Count:  19326
Pos Error:  -2
Count:  19327
Pos Error:  0
Count:  19328
Pos Error:  -2
Count:  19329
Pos Error:  -2
Count:  19330
Pos Error:  0
Count:  19331
Pos Error:  -2
Count:  19332
Pos Error:  -2
Count:  19333
Pos Error:  0
Count:  19334
Pos Error:  -2
Count:  19335
Pos Error:  -2
Count:  19336
Pos Error:  -2
Count:  19337
Pos Error:  -2
Count:  19338
Pos Error:  -2
Count:  19339
Pos Error:  0
Count:  19340
Pos Error:  0
Count:  19341
Pos Error:  -2
Count:  19342
Pos Error:  -2
Count:  19343
Pos Error:  -2
Count:  19344
Pos Error:  0
Count:  19345
Pos Error:  -2
Count:  19346
Pos Error:  -2
Count:  19347
Pos Error:  0
Count:  19348
Pos Error:  -2
Count:  19349
Pos Error:  -2
Count:  19350
Pos Error:  -2
Count:  19351
Pos Error:  -2
Count:  19352
Pos Error:  -2
Count:  19353
Pos Error:  0
Count:  19354
Pos Error:  -2
Count:  19355
Pos Error:  0
Count:  19356
Pos Error:  -2
Count:  19357
Pos Error:  -2
Count:  19358
Pos Error:  -2
Count:  19359
Pos Error:  0
Count:  19360
Pos Error:  -2
Count:  19361
Pos Error:  -2
Count:  19362
Pos Error:  0
Count:  19363
Pos Error:  -2
Count:  19364
Pos Error:  -2
Count:  19365
Pos Error:  -1
Count:  19366
Pos Error:  -7
Count:  19367
Pos Error:  -2
Count:  19368
Pos Error:  -2
Count:  19369
Pos Error:  0
Count:  19370
Pos Error:  1
Count:  19371
Pos Error:  -1
Count:  19372
Pos Error:  1
Count:  19373
Pos Error:  -3
Count:  19374
Pos Error:  -2
Count:  19375
Pos Error:  -2
Count:  19376
Pos Error:  0
Count:  19377
Pos Error:  0
Count:  19378
Pos Error:  -2
Count:  19379
Pos Error:  0
Count:  19380
Pos Error:  -2
Count:  19381
Pos Error:  -2
Count:  19382
Pos Error:  -2
Count:  19383
Pos Error:  0
Count:  19384
Pos Error:  1
Count:  19385
Pos Error:  -2
Count:  19386
Pos Error:  -2
Count:  19387
Pos Error:  -3
Count:  19388
Pos Error:  -2
Count:  19389
Pos Error:  -2
Count:  19390
Pos Error:  -2
Count:  19391
Pos Error:  -2
Count:  19392
Pos Error:  0
Count:  19393
Pos Error:  -2
Count:  19394
Pos Error:  -1
Count:  19395
Pos Error:  -1
Count:  19396
Pos Error:  0
Count:  19397
Pos Error:  -1
Count:  19398
Pos Error:  -2
Count:  19399
Pos Error:  -1
Count:  19400
Pos Error:  0
Count:  19401
Pos Error:  -2
Count:  19402
Pos Error:  -1
Count:  19403
Pos Error:  -2
Count:  19404
Pos Error:  0
Count:  19405
Pos Error:  -2
Count:  19406
Pos Error:  -2
Count:  19407
Pos Error:  -3
Count:  19408
Pos Error:  -2
Count:  19409
Pos Error:  -2
Count:  19410
Pos Error:  -1
Count:  19411
Pos Error:  -2
Count:  19412
Pos Error:  -2
Count:  19413
Pos Error:  0
Count:  19414
Pos Error:  -2
Count:  19415
Pos Error:  -2
Count:  19416
Pos Error:  -2
Count:  19417
Pos Error:  -2
Count:  19418
Pos Error:  -1
Count:  19419
Pos Error:  -2
Count:  19420
Pos Error:  -2
Count:  19421
Pos Error:  -1
Count:  19422
Pos Error:  -3
Count:  19423
Pos Error:  -2
Count:  19424
Pos Error:  1
Count:  19425
Pos Error:  -2
Count:  19426
Pos Error:  0
Count:  19427
Pos Error:  -2
Count:  19428
Pos Error:  -3
Count:  19429
Pos Error:  -1
Count:  19430
Pos Error:  0
Count:  19431
Pos Error:  0
Count:  19432
Pos Error:  -1
Count:  19433
Pos Error:  -2
Count:  19434
Pos Error:  0
Count:  19435
Pos Error:  -2
Count:  19436
Pos Error:  0
Count:  19437
Pos Error:  -2
Count:  19438
Pos Error:  -2
Count:  19439
Pos Error:  0
Count:  19440
Pos Error:  -2
Count:  19441
Pos Error:  0
Count:  19442
Pos Error:  0
Count:  19443
Pos Error:  0
Count:  19444
Pos Error:  -2
Count:  19445
Pos Error:  -6
Count:  19446
Pos Error:  0
Count:  19447
Pos Error:  0
Count:  19448
Pos Error:  -1
Count:  19449
Pos Error:  -3
Count:  19450
Pos Error:  -1
Count:  19451
Pos Error:  -1
Count:  19452
Pos Error:  -2
Count:  19453
Pos Error:  -1
Count:  19454
Pos Error:  -1
Count:  19455
Pos Error:  -2
Count:  19456
Pos Error:  -2
Count:  19457
Pos Error:  -2
Count:  19458
Pos Error:  -2
Count:  19459
Pos Error:  0
Count:  19460
Pos Error:  0
Count:  19461
Pos Error:  0
Count:  19462
Pos Error:  -2
Count:  19463
Pos Error:  0
Count:  19464
Pos Error:  -1
Count:  19465
Pos Error:  -3
Count:  19466
Pos Error:  -2
Count:  19467
Pos Error:  -2
Count:  19468
Pos Error:  -1
Count:  19469
Pos Error:  -3
Count:  19470
Pos Error:  0
Count:  19471
Pos Error:  -2
Count:  19472
Pos Error:  1
Count:  19473
Pos Error:  -3
Count:  19474
Pos Error:  1
Count:  19475
Pos Error:  -2
Count:  19476
Pos Error:  0
Count:  19477
Pos Error:  -3
Count:  19478
Pos Error:  -2
Count:  19479
Pos Error:  1
Count:  19480
Pos Error:  -2
Count:  19481
Pos Error:  0
Count:  19482
Pos Error:  -2
Count:  19483
Pos Error:  -2
Count:  19484
Pos Error:  -1
Count:  19485
Pos Error:  1
Count:  19486
Pos Error:  -1
Count:  19487
Pos Error:  -2
Count:  19488
Pos Error:  -2
Count:  19489
Pos Error:  -1
Count:  19490
Pos Error:  -2
Count:  19491
Pos Error:  -2
Count:  19492
Pos Error:  -2
Count:  19493
Pos Error:  -3
Count:  19494
Pos Error:  -2
Count:  19495
Pos Error:  0
Count:  19496
Pos Error:  -2
Count:  19497
Pos Error:  -2
Count:  19498
Pos Error:  -2
Count:  19499
Pos Error:  1
Count:  19500
Pos Error:  -1
Count:  19501
Pos Error:  0
Count:  19502
Pos Error:  0
Count:  19503
Pos Error:  -2
Count:  19504
Pos Error:  -2
Count:  19505
Pos Error:  -2
Count:  19506
Pos Error:  -2
Count:  19507
Pos Error:  0
Count:  19508
Pos Error:  1
Count:  19509
Pos Error:  -3
Count:  19510
Pos Error:  0
Count:  19511
Pos Error:  -1
Count:  19512
Pos Error:  -2
Count:  19513
Pos Error:  -7
Count:  19514
Pos Error:  0
Count:  19515
Pos Error:  0
Count:  19516
Pos Error:  -1
Count:  19517
Pos Error:  -1
Count:  19518
Pos Error:  -1
Count:  19519
Pos Error:  -3
Count:  19520
Pos Error:  -2
Count:  19521
Pos Error:  -2
Count:  19522
Pos Error:  -1
Count:  19523
Pos Error:  -3
Count:  19524
Pos Error:  1
Count:  19525
Pos Error:  -3
Count:  19526
Pos Error:  -1
Count:  19527
Pos Error:  -3
Count:  19528
Pos Error:  -6
Count:  19529
Pos Error:  0
Count:  19530
Pos Error:  -2
Count:  19531
Pos Error:  -2
Count:  19532
Pos Error:  -2
Count:  19533
Pos Error:  -2
Count:  19534
Pos Error:  -2
Count:  19535
Pos Error:  -6
Count:  19536
Pos Error:  -2
Count:  19537
Pos Error:  0
Count:  19538
Pos Error:  -6
Count:  19539
Pos Error:  -2
Count:  19540
Pos Error:  0
Count:  19541
Pos Error:  -2
Count:  19542
Pos Error:  -6
Count:  19543
Pos Error:  -2
Count:  19544
Pos Error:  -2
Count:  19545
Pos Error:  0
Count:  19546
Pos Error:  -2
Count:  19547
Pos Error:  -2
Count:  19548
Pos Error:  -2
Count:  19549
Pos Error:  -1
Count:  19550
Pos Error:  -1
Count:  19551
Pos Error:  -2
Count:  19552
Pos Error:  -1
Count:  19553
Pos Error:  -2
Count:  19554
Pos Error:  -2
Count:  19555
Pos Error:  -3
Count:  19556
Pos Error:  -2
Count:  19557
Pos Error:  -2
Count:  19558
Pos Error:  0
Count:  19559
Pos Error:  0
Count:  19560
Pos Error:  -2
Count:  19561
Pos Error:  -2
Count:  19562
Pos Error:  1
Count:  19563
Pos Error:  -3
Count:  19564
Pos Error:  -2
Count:  19565
Pos Error:  -2
Count:  19566
Pos Error:  0
Count:  19567
Pos Error:  0
Count:  19568
Pos Error:  -2
Count:  19569
Pos Error:  0
Count:  19570
Pos Error:  -2
Count:  19571
Pos Error:  0
Count:  19572
Pos Error:  -2
Count:  19573
Pos Error:  0
Count:  19574
Pos Error:  -2
Count:  19575
Pos Error:  -1
Count:  19576
Pos Error:  -3
Count:  19577
Pos Error:  -2
Count:  19578
Pos Error:  0
Count:  19579
Pos Error:  -2
Count:  19580
Pos Error:  1
Count:  19581
Pos Error:  -6
Count:  19582
Pos Error:  -1
Count:  19583
Pos Error:  -2
Count:  19584
Pos Error:  -2
Count:  19585
Pos Error:  1
Count:  19586
Pos Error:  -3
Count:  19587
Pos Error:  -2
Count:  19588
Pos Error:  -2
Count:  19589
Pos Error:  -2
Count:  19590
Pos Error:  -2
Count:  19591
Pos Error:  -2
Count:  19592
Pos Error:  -2
Count:  19593
Pos Error:  -2
Count:  19594
Pos Error:  -2
Count:  19595
Pos Error:  -2
Count:  19596
Pos Error:  -2
Count:  19597
Pos Error:  1
Count:  19598
Pos Error:  -1
Count:  19599
Pos Error:  1
Count:  19600
Pos Error:  0
Count:  19601
Pos Error:  -2
Count:  19602
Pos Error:  0
Count:  19603
Pos Error:  -2
Count:  19604
Pos Error:  0
Count:  19605
Pos Error:  -3
Count:  19606
Pos Error:  -2
Count:  19607
Pos Error:  -2
Count:  19608
Pos Error:  -2
Count:  19609
Pos Error:  -2
Count:  19610
Pos Error:  -2
Count:  19611
Pos Error:  1
Count:  19612
Pos Error:  0
Count:  19613
Pos Error:  -9
Count:  19614
Pos Error:  1
Count:  19615
Pos Error:  -3
Count:  19616
Pos Error:  -1
Count:  19617
Pos Error:  -3
Count:  19618
Pos Error:  -2
Count:  19619
Pos Error:  -1
Count:  19620
Pos Error:  -1
Count:  19621
Pos Error:  0
Count:  19622
Pos Error:  0
Count:  19623
Pos Error:  0
Count:  19624
Pos Error:  -1
Count:  19625
Pos Error:  0
Count:  19626
Pos Error:  -2
Count:  19627
Pos Error:  -2
Count:  19628
Pos Error:  0
Count:  19629
Pos Error:  -2
Count:  19630
Pos Error:  -1
Count:  19631
Pos Error:  -2
Count:  19632
Pos Error:  -1
Count:  19633
Pos Error:  0
Count:  19634
Pos Error:  -3
Count:  19635
Pos Error:  -1
Count:  19636
Pos Error:  2
Count:  19637
Pos Error:  -1
Count:  19638
Pos Error:  1
Count:  19639
Pos Error:  -1
Count:  19640
Pos Error:  -2
Count:  19641
Pos Error:  -2
Count:  19642
Pos Error:  -2
Count:  19643
Pos Error:  0
Count:  19644
Pos Error:  0
Count:  19645
Pos Error:  -2
Count:  19646
Pos Error:  -2
Count:  19647
Pos Error:  -2
Count:  19648
Pos Error:  -1
Count:  19649
Pos Error:  -1
Count:  19650
Pos Error:  -1
Count:  19651
Pos Error:  -3
Count:  19652
Pos Error:  -1
Count:  19653
Pos Error:  -2
Count:  19654
Pos Error:  -3
Count:  19655
Pos Error:  0
Count:  19656
Pos Error:  -1
Count:  19657
Pos Error:  -3
Count:  19658
Pos Error:  -1
Count:  19659
Pos Error:  0
Count:  19660
Pos Error:  0
Count:  19661
Pos Error:  -1
Count:  19662
Pos Error:  1
Count:  19663
Pos Error:  -3
Count:  19664
Pos Error:  -1
Count:  19665
Pos Error:  0
Count:  19666
Pos Error:  -1
Count:  19667
Pos Error:  -2
Count:  19668
Pos Error:  -1
Count:  19669
Pos Error:  -3
Count:  19670
Pos Error:  -1
Count:  19671
Pos Error:  0
Count:  19672
Pos Error:  -3
Count:  19673
Pos Error:  1
Count:  19674
Pos Error:  -3
Count:  19675
Pos Error:  -8
Count:  19676
Pos Error:  -2
Count:  19677
Pos Error:  -2
Count:  19678
Pos Error:  -1
Count:  19679
Pos Error:  -3
Count:  19680
Pos Error:  1
Count:  19681
Pos Error:  0
Count:  19682
Pos Error:  -2
Count:  19683
Pos Error:  -2
Count:  19684
Pos Error:  -3
Count:  19685
Pos Error:  -2
Count:  19686
Pos Error:  1
Count:  19687
Pos Error:  -3
Count:  19688
Pos Error:  0
Count:  19689
Pos Error:  1
Count:  19690
Pos Error:  -7
Count:  19691
Pos Error:  0
Count:  19692
Pos Error:  -1
Count:  19693
Pos Error:  -1
Count:  19694
Pos Error:  -2
Count:  19695
Pos Error:  -2
Count:  19696
Pos Error:  1
Count:  19697
Pos Error:  -2
Count:  19698
Pos Error:  -3
Count:  19699
Pos Error:  -1
Count:  19700
Pos Error:  -2
Count:  19701
Pos Error:  -2
Count:  19702
Pos Error:  0
Count:  19703
Pos Error:  -2
Count:  19704
Pos Error:  -1
Count:  19705
Pos Error:  -2
Count:  19706
Pos Error:  -2
Count:  19707
Pos Error:  -2
Count:  19708
Pos Error:  1
Count:  19709
Pos Error:  -3
Count:  19710
Pos Error:  0
Count:  19711
Pos Error:  -17
Count:  19712
Pos Error:  -1
Count:  19713
Pos Error:  -2
Count:  19714
Pos Error:  -1
Count:  19715
Pos Error:  -2
Count:  19716
Pos Error:  -2
Count:  19717
Pos Error:  -2
Count:  19718
Pos Error:  -1
Count:  19719
Pos Error:  -2
Count:  19720
Pos Error:  -2
Count:  19721
Pos Error:  -1
Count:  19722
Pos Error:  -3
Count:  19723
Pos Error:  -1
Count:  19724
Pos Error:  -2
Count:  19725
Pos Error:  -3
Count:  19726
Pos Error:  0
Count:  19727
Pos Error:  -1
Count:  19728
Pos Error:  -2
Count:  19729
Pos Error:  -2
Count:  19730
Pos Error:  -3
Count:  19731
Pos Error:  -1
Count:  19732
Pos Error:  0
Count:  19733
Pos Error:  -2
Count:  19734
Pos Error:  -3
Count:  19735
Pos Error:  -1
Count:  19736
Pos Error:  -6
Count:  19737
Pos Error:  -2
Count:  19738
Pos Error:  -2
Count:  19739
Pos Error:  -8
Count:  19740
Pos Error:  -2
Count:  19741
Pos Error:  0
Count:  19742
Pos Error:  0
Count:  19743
Pos Error:  -2
Count:  19744
Pos Error:  -2
Count:  19745
Pos Error:  0
Count:  19746
Pos Error:  -2
Count:  19747
Pos Error:  0
Count:  19748
Pos Error:  0
Count:  19749
Pos Error:  0
Count:  19750
Pos Error:  0
Count:  19751
Pos Error:  -2
Count:  19752
Pos Error:  0
Count:  19753
Pos Error:  -2
Count:  19754
Pos Error:  -28
Count:  19755
Pos Error:  0
Count:  19756
Pos Error:  -3
Count:  19757
Pos Error:  1
Count:  19758
Pos Error:  -3
Count:  19759
Pos Error:  -1
Count:  19760
Pos Error:  -3
Count:  19761
Pos Error:  -1
Count:  19762
Pos Error:  -2
Count:  19763
Pos Error:  -2
Count:  19764
Pos Error:  -2
Count:  19765
Pos Error:  -2
Count:  19766
Pos Error:  -2
Count:  19767
Pos Error:  -1
Count:  19768
Pos Error:  -1
Count:  19769
Pos Error:  -3
Count:  19770
Pos Error:  -1
Count:  19771
Pos Error:  -2
Count:  19772
Pos Error:  -3
Count:  19773
Pos Error:  -2
Count:  19774
Pos Error:  -1
Count:  19775
Pos Error:  -2
Count:  19776
Pos Error:  -2
Count:  19777
Pos Error:  -3
Count:  19778
Pos Error:  0
Count:  19779
Pos Error:  -1
Count:  19780
Pos Error:  -3
Count:  19781
Pos Error:  -1
Count:  19782
Pos Error:  -3
Count:  19783
Pos Error:  1
Count:  19784
Pos Error:  -2
Count:  19785
Pos Error:  0
Count:  19786
Pos Error:  -1
Count:  19787
Pos Error:  -1
Count:  19788
Pos Error:  -2
Count:  19789
Pos Error:  -2
Count:  19790
Pos Error:  0
Count:  19791
Pos Error:  0
Count:  19792
Pos Error:  -2
Count:  19793
Pos Error:  0
Count:  19794
Pos Error:  -3
Count:  19795
Pos Error:  -1
Count:  19796
Pos Error:  -1
Count:  19797
Pos Error:  1
Count:  19798
Pos Error:  -2
Count:  19799
Pos Error:  -2
Count:  19800
Pos Error:  0
Count:  19801
Pos Error:  -2
Count:  19802
Pos Error:  -3
Count:  19803
Pos Error:  -1
Count:  19804
Pos Error:  0
Count:  19805
Pos Error:  -2
Count:  19806
Pos Error:  -2
Count:  19807
Pos Error:  -2
Count:  19808
Pos Error:  -1
Count:  19809
Pos Error:  -1
Count:  19810
Pos Error:  -3
Count:  19811
Pos Error:  1
Count:  19812
Pos Error:  -2
Count:  19813
Pos Error:  -3
Count:  19814
Pos Error:  -1
Count:  19815
Pos Error:  0
Count:  19816
Pos Error:  -2
Count:  19817
Pos Error:  0
Count:  19818
Pos Error:  -2
Count:  19819
Pos Error:  -2
Count:  19820
Pos Error:  -6
Count:  19821
Pos Error:  -3
Count:  19822
Pos Error:  1
Count:  19823
Pos Error:  -2
Count:  19824
Pos Error:  -2
Count:  19825
Pos Error:  -2
Count:  19826
Pos Error:  -2
Count:  19827
Pos Error:  -2
Count:  19828
Pos Error:  -3
Count:  19829
Pos Error:  -1
Count:  19830
Pos Error:  -2
Count:  19831
Pos Error:  -2
Count:  19832
Pos Error:  -3
Count:  19833
Pos Error:  -1
Count:  19834
Pos Error:  -2
Count:  19835
Pos Error:  0
Count:  19836
Pos Error:  0
Count:  19837
Pos Error:  0
Count:  19838
Pos Error:  -2
Count:  19839
Pos Error:  0
Count:  19840
Pos Error:  -2
Count:  19841
Pos Error:  -2
Count:  19842
Pos Error:  -2
Count:  19843
Pos Error:  -2
Count:  19844
Pos Error:  0
Count:  19845
Pos Error:  -1
Count:  19846
Pos Error:  -1
Count:  19847
Pos Error:  -2
Count:  19848
Pos Error:  -2
Count:  19849
Pos Error:  -3
Count:  19850
Pos Error:  -1
Count:  19851
Pos Error:  -1
Count:  19852
Pos Error:  -1
Count:  19853
Pos Error:  0
Count:  19854
Pos Error:  -2
Count:  19855
Pos Error:  -2
Count:  19856
Pos Error:  -2
Count:  19857
Pos Error:  -2
Count:  19858
Pos Error:  -2
Count:  19859
Pos Error:  0
Count:  19860
Pos Error:  -2
Count:  19861
Pos Error:  -2
Count:  19862
Pos Error:  0
Count:  19863
Pos Error:  -2
Count:  19864
Pos Error:  -2
Count:  19865
Pos Error:  0
Count:  19866
Pos Error:  0
Count:  19867
Pos Error:  -1
Count:  19868
Pos Error:  -1
Count:  19869
Pos Error:  -3
Count:  19870
Pos Error:  -5
Count:  19871
Pos Error:  -1
Count:  19872
Pos Error:  1
Count:  19873
Pos Error:  -2
Count:  19874
Pos Error:  -2
Count:  19875
Pos Error:  -2
Count:  19876
Pos Error:  -2
Count:  19877
Pos Error:  -3
Count:  19878
Pos Error:  1
Count:  19879
Pos Error:  -3
Count:  19880
Pos Error:  1
Count:  19881
Pos Error:  -3
Count:  19882
Pos Error:  -7
Count:  19883
Pos Error:  -1
Count:  19884
Pos Error:  -1
Count:  19885
Pos Error:  -2
Count:  19886
Pos Error:  -2
Count:  19887
Pos Error:  -2
Count:  19888
Pos Error:  -2
Count:  19889
Pos Error:  -2
Count:  19890
Pos Error:  -2
Count:  19891
Pos Error:  -2
Count:  19892
Pos Error:  -2
Count:  19893
Pos Error:  0
Count:  19894
Pos Error:  -3
Count:  19895
Pos Error:  -5
Count:  19896
Pos Error:  -2
Count:  19897
Pos Error:  0
Count:  19898
Pos Error:  -2
Count:  19899
Pos Error:  -3
Count:  19900
Pos Error:  -1
Count:  19901
Pos Error:  -3
Count:  19902
Pos Error:  1
Count:  19903
Pos Error:  -2
Count:  19904
Pos Error:  0
Count:  19905
Pos Error:  -3
Count:  19906
Pos Error:  -1
Count:  19907
Pos Error:  -2
Count:  19908
Pos Error:  0
Count:  19909
Pos Error:  -2
Count:  19910
Pos Error:  0
Count:  19911
Pos Error:  -3
Count:  19912
Pos Error:  1
Count:  19913
Pos Error:  -2
Count:  19914
Pos Error:  -6
Count:  19915
Pos Error:  0
Count:  19916
Pos Error:  -2
Count:  19917
Pos Error:  0
Count:  19918
Pos Error:  0
Count:  19919
Pos Error:  -2
Count:  19920
Pos Error:  -2
Count:  19921
Pos Error:  -2
Count:  19922
Pos Error:  -2
Count:  19923
Pos Error:  -2
Count:  19924
Pos Error:  0
Count:  19925
Pos Error:  0
Count:  19926
Pos Error:  -2
Count:  19927
Pos Error:  -3
Count:  19928
Pos Error:  -1
Count:  19929
Pos Error:  -2
Count:  19930
Pos Error:  0
Count:  19931
Pos Error:  -3
Count:  19932
Pos Error:  -1
Count:  19933
Pos Error:  -2
Count:  19934
Pos Error:  -3
Count:  19935
Pos Error:  -1
Count:  19936
Pos Error:  -2
Count:  19937
Pos Error:  0
Count:  19938
Pos Error:  -2
Count:  19939
Pos Error:  0
Count:  19940
Pos Error:  -3
Count:  19941
Pos Error:  0
Count:  19942
Pos Error:  -1
Count:  19943
Pos Error:  0
Count:  19944
Pos Error:  -2
Count:  19945
Pos Error:  -2
Count:  19946
Pos Error:  -2
Count:  19947
Pos Error:  -2
Count:  19948
Pos Error:  -2
Count:  19949
Pos Error:  0
Count:  19950
Pos Error:  -2
Count:  19951
Pos Error:  -2
Count:  19952
Pos Error:  -2
Count:  19953
Pos Error:  -2
Count:  19954
Pos Error:  -2
Count:  19955
Pos Error:  -2
Count:  19956
Pos Error:  0
Count:  19957
Pos Error:  0
Count:  19958
Pos Error:  0
Count:  19959
Pos Error:  -2
Count:  19960
Pos Error:  0
Count:  19961
Pos Error:  0
Count:  19962
Pos Error:  -2
Count:  19963
Pos Error:  -2
Count:  19964
Pos Error:  -2
Count:  19965
Pos Error:  -2
Count:  19966
Pos Error:  -2
Count:  19967
Pos Error:  -2
Count:  19968
Pos Error:  -2
Count:  19969
Pos Error:  -1
Count:  19970
Pos Error:  0
Count:  19971
Pos Error:  -1
Count:  19972
Pos Error:  -3
Count:  19973
Pos Error:  1
Count:  19974
Pos Error:  -2
Count:  19975
Pos Error:  0
Count:  19976
Pos Error:  -3
Count:  19977
Pos Error:  -5
Count:  19978
Pos Error:  -2
Count:  19979
Pos Error:  -2
Count:  19980
Pos Error:  -3
Count:  19981
Pos Error:  -1
Count:  19982
Pos Error:  -2
Count:  19983
Pos Error:  -2
Count:  19984
Pos Error:  0
Count:  19985
Pos Error:  -3
Count:  19986
Pos Error:  -1
Count:  19987
Pos Error:  -2
Count:  19988
Pos Error:  0
Count:  19989
Pos Error:  0
Count:  19990
Pos Error:  -2
Count:  19991
Pos Error:  -2
Count:  19992
Pos Error:  0
Count:  19993
Pos Error:  -2
Count:  19994
Pos Error:  0
Count:  19995
Pos Error:  -2
Count:  19996
Pos Error:  0
Count:  19997
Pos Error:  -2
Count:  19998
Pos Error:  -2
Count:  19999
Pos Error:  0
Count:  20000
Pos Error:  -6
Count:  20001
Pos Error:  0
Count:  20002
Pos Error:  -2
Count:  20003
Pos Error:  -2
Count:  20004
Pos Error:  0
Count:  20005
Pos Error:  -2
Count:  20006
Pos Error:  0
Count:  20007
Pos Error:  -2
Count:  20008
Pos Error:  0
Count:  20009
Pos Error:  -2
Count:  20010
Pos Error:  0
Count:  20011
Pos Error:  -3
Count:  20012
Pos Error:  -2
Count:  20013
Pos Error:  -1
Count:  20014
Pos Error:  -6
Count:  20015
Pos Error:  0
Count:  20016
Pos Error:  -2
Count:  20017
Pos Error:  -2
Count:  20018
Pos Error:  -1
Count:  20019
Pos Error:  1
Count:  20020
Pos Error:  0
Count:  20021
Pos Error:  -2
Count:  20022
Pos Error:  -2
Count:  20023
Pos Error:  -2
Count:  20024
Pos Error:  -2
Count:  20025
Pos Error:  -2
Count:  20026
Pos Error:  -2
Count:  20027
Pos Error:  -2
Count:  20028
Pos Error:  -8
Count:  20029
Pos Error:  -2
Count:  20030
Pos Error:  -2
Count:  20031
Pos Error:  -2
Count:  20032
Pos Error:  -2
Count:  20033
Pos Error:  -2
Count:  20034
Pos Error:  -2
Count:  20035
Pos Error:  0
Count:  20036
Pos Error:  -2
Count:  20037
Pos Error:  -3
Count:  20038
Pos Error:  -1
Count:  20039
Pos Error:  -2
Count:  20040
Pos Error:  -2
Count:  20041
Pos Error:  0
Count:  20042
Pos Error:  -2
Count:  20043
Pos Error:  -2
Count:  20044
Pos Error:  0
Count:  20045
Pos Error:  -2
Count:  20046
Pos Error:  -2
Count:  20047
Pos Error:  -2
Count:  20048
Pos Error:  -2
Count:  20049
Pos Error:  0
Count:  20050
Pos Error:  -2
Count:  20051
Pos Error:  0
Count:  20052
Pos Error:  0
Count:  20053
Pos Error:  0
Count:  20054
Pos Error:  0
Count:  20055
Pos Error:  -2
Count:  20056
Pos Error:  -2
Count:  20057
Pos Error:  0
Count:  20058
Pos Error:  -2
Count:  20059
Pos Error:  -3
Count:  20060
Pos Error:  1
Count:  20061
Pos Error:  -2
Count:  20062
Pos Error:  -2
Count:  20063
Pos Error:  -2
Count:  20064
Pos Error:  -2
Count:  20065
Pos Error:  -2
Count:  20066
Pos Error:  0
Count:  20067
Pos Error:  -2
Count:  20068
Pos Error:  0
Count:  20069
Pos Error:  -2
Count:  20070
Pos Error:  -6
Count:  20071
Pos Error:  0
Count:  20072
Pos Error:  -2
Count:  20073
Pos Error:  0
Count:  20074
Pos Error:  -2
Count:  20075
Pos Error:  -2
Count:  20076
Pos Error:  -2
Count:  20077
Pos Error:  -2
Count:  20078
Pos Error:  0
Count:  20079
Pos Error:  0
Count:  20080
Pos Error:  0
Count:  20081
Pos Error:  -2
Count:  20082
Pos Error:  0
Count:  20083
Pos Error:  0
Count:  20084
Pos Error:  -2
Count:  20085
Pos Error:  -2
Count:  20086
Pos Error:  -2
Count:  20087
Pos Error:  -2
Count:  20088
Pos Error:  -2
Count:  20089
Pos Error:  0
Count:  20090
Pos Error:  -2
Count:  20091
Pos Error:  -2
Count:  20092
Pos Error:  0
Count:  20093
Pos Error:  -2
Count:  20094
Pos Error:  -2
Count:  20095
Pos Error:  -2
Count:  20096
Pos Error:  -2
Count:  20097
Pos Error:  -2
Count:  20098
Pos Error:  0
Count:  20099
Pos Error:  -2
Count:  20100
Pos Error:  -2
Count:  20101
Pos Error:  -2
Count:  20102
Pos Error:  -2
Count:  20103
Pos Error:  0
Count:  20104
Pos Error:  -2
Count:  20105
Pos Error:  0
Count:  20106
Pos Error:  0
Count:  20107
Pos Error:  -2
Count:  20108
Pos Error:  -2
Count:  20109
Pos Error:  0
Count:  20110
Pos Error:  0
Count:  20111
Pos Error:  0
Count:  20112
Pos Error:  -2
Count:  20113
Pos Error:  -2
Count:  20114
Pos Error:  0
Count:  20115
Pos Error:  -2
Count:  20116
Pos Error:  0
Count:  20117
Pos Error:  0
Count:  20118
Pos Error:  0
Count:  20119
Pos Error:  0
Count:  20120
Pos Error:  -8
Count:  20121
Pos Error:  0
Count:  20122
Pos Error:  0
Count:  20123
Pos Error:  -2
Count:  20124
Pos Error:  -3
Count:  20125
Pos Error:  -1
Count:  20126
Pos Error:  0
Count:  20127
Pos Error:  -2
Count:  20128
Pos Error:  -3
Count:  20129
Pos Error:  -1
Count:  20130
Pos Error:  -2
Count:  20131
Pos Error:  -2
Count:  20132
Pos Error:  -2
Count:  20133
Pos Error:  -2
Count:  20134
Pos Error:  0
Count:  20135
Pos Error:  0
Count:  20136
Pos Error:  -2
Count:  20137
Pos Error:  -2
Count:  20138
Pos Error:  0
Count:  20139
Pos Error:  -2
Count:  20140
Pos Error:  0
Count:  20141
Pos Error:  0
Count:  20142
Pos Error:  -2
Count:  20143
Pos Error:  -2
Count:  20144
Pos Error:  -2
Count:  20145
Pos Error:  0
Count:  20146
Pos Error:  -2
Count:  20147
Pos Error:  0
Count:  20148
Pos Error:  -1
Count:  20149
Pos Error:  -3
Count:  20150
Pos Error:  0
Count:  20151
Pos Error:  -2
Count:  20152
Pos Error:  -2
Count:  20153
Pos Error:  -2
Count:  20154
Pos Error:  -2
Count:  20155
Pos Error:  0
Count:  20156
Pos Error:  -2
Count:  20157
Pos Error:  -2
Count:  20158
Pos Error:  -2
Count:  20159
Pos Error:  -2
Count:  20160
Pos Error:  -2
Count:  20161
Pos Error:  0
Count:  20162
Pos Error:  -6
Count:  20163
Pos Error:  0
Count:  20164
Pos Error:  -2
Count:  20165
Pos Error:  -2
Count:  20166
Pos Error:  0
Count:  20167
Pos Error:  0
Count:  20168
Pos Error:  -1
Count:  20169
Pos Error:  -3
Count:  20170
Pos Error:  -2
Count:  20171
Pos Error:  -2
Count:  20172
Pos Error:  -2
Count:  20173
Pos Error:  -2
Count:  20174
Pos Error:  0
Count:  20175
Pos Error:  -2
Count:  20176
Pos Error:  -6
Count:  20177
Pos Error:  -2
Count:  20178
Pos Error:  -2
Count:  20179
Pos Error:  0
Count:  20180
Pos Error:  -1
Count:  20181
Pos Error:  -3
Count:  20182
Pos Error:  0
Count:  20183
Pos Error:  0
Count:  20184
Pos Error:  0
Count:  20185
Pos Error:  0
Count:  20186
Pos Error:  -6
Count:  20187
Pos Error:  -2
Count:  20188
Pos Error:  -2
Count:  20189
Pos Error:  -2
Count:  20190
Pos Error:  0
Count:  20191
Pos Error:  0
Count:  20192
Pos Error:  -2
Count:  20193
Pos Error:  -2
Count:  20194
Pos Error:  -2
Count:  20195
Pos Error:  -2
Count:  20196
Pos Error:  0
Count:  20197
Pos Error:  -2
Count:  20198
Pos Error:  -2
Count:  20199
Pos Error:  -2
Count:  20200
Pos Error:  -2
Count:  20201
Pos Error:  0
Count:  20202
Pos Error:  -2
Count:  20203
Pos Error:  -2
Count:  20204
Pos Error:  -2
Count:  20205
Pos Error:  0
Count:  20206
Pos Error:  -2
Count:  20207
Pos Error:  -2
Count:  20208
Pos Error:  -2
Count:  20209
Pos Error:  -2
Count:  20210
Pos Error:  -2
Count:  20211
Pos Error:  -2
Count:  20212
Pos Error:  -2
Count:  20213
Pos Error:  0
Count:  20214
Pos Error:  -2
Count:  20215
Pos Error:  0
Count:  20216
Pos Error:  -2
Count:  20217
Pos Error:  -2
Count:  20218
Pos Error:  -3
Count:  20219
Pos Error:  1
Count:  20220
Pos Error:  0
Count:  20221
Pos Error:  -2
Count:  20222
Pos Error:  -2
Count:  20223
Pos Error:  0
Count:  20224
Pos Error:  0
Count:  20225
Pos Error:  0
Count:  20226
Pos Error:  -3
Count:  20227
Pos Error:  -1
Count:  20228
Pos Error:  -2
Count:  20229
Pos Error:  0
Count:  20230
Pos Error:  -2
Count:  20231
Pos Error:  -2
Count:  20232
Pos Error:  -2
Count:  20233
Pos Error:  0
Count:  20234
Pos Error:  -2
Count:  20235
Pos Error:  -8
Count:  20236
Pos Error:  -3
Count:  20237
Pos Error:  1
Count:  20238
Pos Error:  0
Count:  20239
Pos Error:  -2
Count:  20240
Pos Error:  -2
Count:  20241
Pos Error:  -2
Count:  20242
Pos Error:  -2
Count:  20243
Pos Error:  -2
Count:  20244
Pos Error:  -2
Count:  20245
Pos Error:  0
Count:  20246
Pos Error:  0
Count:  20247
Pos Error:  0
Count:  20248
Pos Error:  -2
Count:  20249
Pos Error:  -2
Count:  20250
Pos Error:  -2
Count:  20251
Pos Error:  -2
Count:  20252
Pos Error:  0
Count:  20253
Pos Error:  -2
Count:  20254
Pos Error:  -2
Count:  20255
Pos Error:  -1
Count:  20256
Pos Error:  1
Count:  20257
Pos Error:  0
Count:  20258
Pos Error:  -2
Count:  20259
Pos Error:  -2
Count:  20260
Pos Error:  -2
Count:  20261
Pos Error:  -1
Count:  20262
Pos Error:  -1
Count:  20263
Pos Error:  -2
Count:  20264
Pos Error:  0
Count:  20265
Pos Error:  -3
Count:  20266
Pos Error:  -1
Count:  20267
Pos Error:  -2
Count:  20268
Pos Error:  -2
Count:  20269
Pos Error:  -2
Count:  20270
Pos Error:  0
Count:  20271
Pos Error:  -2
Count:  20272
Pos Error:  -3
Count:  20273
Pos Error:  -1
Count:  20274
Pos Error:  -2
Count:  20275
Pos Error:  -2
Count:  20276
Pos Error:  -2
Count:  20277
Pos Error:  -2
Count:  20278
Pos Error:  -2
Count:  20279
Pos Error:  0
Count:  20280
Pos Error:  0
Count:  20281
Pos Error:  0
Count:  20282
Pos Error:  0
Count:  20283
Pos Error:  -2
Count:  20284
Pos Error:  0
Count:  20285
Pos Error:  -2
Count:  20286
Pos Error:  0
Count:  20287
Pos Error:  -2
Count:  20288
Pos Error:  -2
Count:  20289
Pos Error:  -2
Count:  20290
Pos Error:  -3
Count:  20291
Pos Error:  1
Count:  20292
Pos Error:  0
Count:  20293
Pos Error:  -2
Count:  20294
Pos Error:  -2
Count:  20295
Pos Error:  -2
Count:  20296
Pos Error:  -2
Count:  20297
Pos Error:  -2
Count:  20298
Pos Error:  -2
Count:  20299
Pos Error:  0
Count:  20300
Pos Error:  0
Count:  20301
Pos Error:  -2
Count:  20302
Pos Error:  -2
Count:  20303
Pos Error:  -2
Count:  20304
Pos Error:  0
Count:  20305
Pos Error:  -2
Count:  20306
Pos Error:  -2
Count:  20307
Pos Error:  -2
Count:  20308
Pos Error:  0
Count:  20309
Pos Error:  -8
Count:  20310
Pos Error:  0
Count:  20311
Pos Error:  -3
Count:  20312
Pos Error:  -1
Count:  20313
Pos Error:  -2
Count:  20314
Pos Error:  -2
Count:  20315
Pos Error:  0
Count:  20316
Pos Error:  0
Count:  20317
Pos Error:  -2
Count:  20318
Pos Error:  0
Count:  20319
Pos Error:  -2
Count:  20320
Pos Error:  -2
Count:  20321
Pos Error:  -2
Count:  20322
Pos Error:  -2
Count:  20323
Pos Error:  0
Count:  20324
Pos Error:  -2
Count:  20325
Pos Error:  -2
Count:  20326
Pos Error:  -2
Count:  20327
Pos Error:  -6
Count:  20328
Pos Error:  -2
Count:  20329
Pos Error:  0
Count:  20330
Pos Error:  -2
Count:  20331
Pos Error:  -2
Count:  20332
Pos Error:  -2
Count:  20333
Pos Error:  0
Count:  20334
Pos Error:  0
Count:  20335
Pos Error:  -2
Count:  20336
Pos Error:  -2
Count:  20337
Pos Error:  0
Count:  20338
Pos Error:  -8
Count:  20339
Pos Error:  0
Count:  20340
Pos Error:  -2
Count:  20341
Pos Error:  -2
Count:  20342
Pos Error:  -2
Count:  20343
Pos Error:  -2
Count:  20344
Pos Error:  -6
Count:  20345
Pos Error:  -2
Count:  20346
Pos Error:  0
Count:  20347
Pos Error:  0
Count:  20348
Pos Error:  -1
Count:  20349
Pos Error:  1
Count:  20350
Pos Error:  -2
Count:  20351
Pos Error:  0
Count:  20352
Pos Error:  -2
Count:  20353
Pos Error:  0
Count:  20354
Pos Error:  0
Count:  20355
Pos Error:  -2
Count:  20356
Pos Error:  -2
Count:  20357
Pos Error:  -2
Count:  20358
Pos Error:  -2
Count:  20359
Pos Error:  -2
Count:  20360
Pos Error:  -2
Count:  20361
Pos Error:  -2
Count:  20362
Pos Error:  -2
Count:  20363
Pos Error:  0
Count:  20364
Pos Error:  -2
Count:  20365
Pos Error:  -2
Count:  20366
Pos Error:  0
Count:  20367
Pos Error:  -2
Count:  20368
Pos Error:  -2
Count:  20369
Pos Error:  -2
Count:  20370
Pos Error:  0
Count:  20371
Pos Error:  0
Count:  20372
Pos Error:  -2
Count:  20373
Pos Error:  -2
Count:  20374
Pos Error:  -2
Count:  20375
Pos Error:  -2
Count:  20376
Pos Error:  0
Count:  20377
Pos Error:  -2
Count:  20378
Pos Error:  -2
Count:  20379
Pos Error:  -2
Count:  20380
Pos Error:  -2
Count:  20381
Pos Error:  0
Count:  20382
Pos Error:  0
Count:  20383
Pos Error:  -2
Count:  20384
Pos Error:  -2
Count:  20385
Pos Error:  0
Count:  20386
Pos Error:  -2
Count:  20387
Pos Error:  0
Count:  20388
Pos Error:  -2
Count:  20389
Pos Error:  -2
Count:  20390
Pos Error:  -2
Count:  20391
Pos Error:  -2
Count:  20392
Pos Error:  -2
Count:  20393
Pos Error:  -2
Count:  20394
Pos Error:  0
Count:  20395
Pos Error:  -2
Count:  20396
Pos Error:  -2
Count:  20397
Pos Error:  -2
Count:  20398
Pos Error:  -2
Count:  20399
Pos Error:  -2
Count:  20400
Pos Error:  -3
Count:  20401
Pos Error:  -1
Count:  20402
Pos Error:  -2
Count:  20403
Pos Error:  -2
Count:  20404
Pos Error:  0
Count:  20405
Pos Error:  -2
Count:  20406
Pos Error:  0
Count:  20407
Pos Error:  -2
Count:  20408
Pos Error:  0
Count:  20409
Pos Error:  0
Count:  20410
Pos Error:  -2
Count:  20411
Pos Error:  -2
Count:  20412
Pos Error:  -2
Count:  20413
Pos Error:  0
Count:  20414
Pos Error:  -2
Count:  20415
Pos Error:  -2
Count:  20416
Pos Error:  -2
Count:  20417
Pos Error:  -2
Count:  20418
Pos Error:  -6
Count:  20419
Pos Error:  -2
Count:  20420
Pos Error:  -2
Count:  20421
Pos Error:  -2
Count:  20422
Pos Error:  -2
Count:  20423
Pos Error:  -2
Count:  20424
Pos Error:  0
Count:  20425
Pos Error:  0
Count:  20426
Pos Error:  0
Count:  20427
Pos Error:  -2
Count:  20428
Pos Error:  -2
Count:  20429
Pos Error:  -2
Count:  20430
Pos Error:  0
Count:  20431
Pos Error:  -2
Count:  20432
Pos Error:  -2
Count:  20433
Pos Error:  0
Count:  20434
Pos Error:  -2
Count:  20435
Pos Error:  -2
Count:  20436
Pos Error:  -2
Count:  20437
Pos Error:  -2
Count:  20438
Pos Error:  -2
Count:  20439
Pos Error:  -2
Count:  20440
Pos Error:  0
Count:  20441
Pos Error:  -2
Count:  20442
Pos Error:  0
Count:  20443
Pos Error:  -2
Count:  20444
Pos Error:  -2
Count:  20445
Pos Error:  -2
Count:  20446
Pos Error:  -2
Count:  20447
Pos Error:  -2
Count:  20448
Pos Error:  -2
Count:  20449
Pos Error:  0
Count:  20450
Pos Error:  -2
Count:  20451
Pos Error:  0
Count:  20452
Pos Error:  -2
Count:  20453
Pos Error:  -2
Count:  20454
Pos Error:  0
Count:  20455
Pos Error:  -2
Count:  20456
Pos Error:  -2
Count:  20457
Pos Error:  -2
Count:  20458
Pos Error:  -2
Count:  20459
Pos Error:  -2
Count:  20460
Pos Error:  -8
Count:  20461
Pos Error:  -2
Count:  20462
Pos Error:  -2
Count:  20463
Pos Error:  0
Count:  20464
Pos Error:  0
Count:  20465
Pos Error:  0
Count:  20466
Pos Error:  0
Count:  20467
Pos Error:  -2
Count:  20468
Pos Error:  -6
Count:  20469
Pos Error:  0
Count:  20470
Pos Error:  -2
Count:  20471
Pos Error:  0
Count:  20472
Pos Error:  -2
Count:  20473
Pos Error:  -2
Count:  20474
Pos Error:  0
Count:  20475
Pos Error:  0
Count:  20476
Pos Error:  -2
Count:  20477
Pos Error:  0
Count:  20478
Pos Error:  -2
Count:  20479
Pos Error:  -6
Count:  20480
Pos Error:  0
Count:  20481
Pos Error:  -2
Count:  20482
Pos Error:  -2
Count:  20483
Pos Error:  0
Count:  20484
Pos Error:  -2
Count:  20485
Pos Error:  0
Count:  20486
Pos Error:  -2
Count:  20487
Pos Error:  0
Count:  20488
Pos Error:  -2
Count:  20489
Pos Error:  -2
Count:  20490
Pos Error:  -2
Count:  20491
Pos Error:  -2
Count:  20492
Pos Error:  -2
Count:  20493
Pos Error:  -6
Count:  20494
Pos Error:  0
Count:  20495
Pos Error:  -2
Count:  20496
Pos Error:  0
Count:  20497
Pos Error:  -2
Count:  20498
Pos Error:  -2
Count:  20499
Pos Error:  -2
Count:  20500
Pos Error:  0
Count:  20501
Pos Error:  -2
Count:  20502
Pos Error:  0
Count:  20503
Pos Error:  -2
Count:  20504
Pos Error:  -2
Count:  20505
Pos Error:  -2
Count:  20506
Pos Error:  -2
Count:  20507
Pos Error:  -6
Count:  20508
Pos Error:  -2
Count:  20509
Pos Error:  -2
Count:  20510
Pos Error:  -2
Count:  20511
Pos Error:  -2
Count:  20512
Pos Error:  -2
Count:  20513
Pos Error:  0
Count:  20514
Pos Error:  -3
Count:  20515
Pos Error:  -1
Count:  20516
Pos Error:  -2
Count:  20517
Pos Error:  0
Count:  20518
Pos Error:  -2
Count:  20519
Pos Error:  0
Count:  20520
Pos Error:  -2
Count:  20521
Pos Error:  -2
Count:  20522
Pos Error:  0
Count:  20523
Pos Error:  -2
Count:  20524
Pos Error:  0
Count:  20525
Pos Error:  -6
Count:  20526
Pos Error:  -2
Count:  20527
Pos Error:  -2
Count:  20528
Pos Error:  -2
Count:  20529
Pos Error:  -2
Count:  20530
Pos Error:  0
Count:  20531
Pos Error:  -2
Count:  20532
Pos Error:  -2
Count:  20533
Pos Error:  -2
Count:  20534
Pos Error:  -2
Count:  20535
Pos Error:  0
Count:  20536
Pos Error:  0
Count:  20537
Pos Error:  -2
Count:  20538
Pos Error:  -2
Count:  20539
Pos Error:  -2
Count:  20540
Pos Error:  -2
Count:  20541
Pos Error:  0
Count:  20542
Pos Error:  0
Count:  20543
Pos Error:  -6
Count:  20544
Pos Error:  -2
Count:  20545
Pos Error:  -2
Count:  20546
Pos Error:  -2
Count:  20547
Pos Error:  -2
Count:  20548
Pos Error:  0
Count:  20549
Pos Error:  0
Count:  20550
Pos Error:  -8
Count:  20551
Pos Error:  0
Count:  20552
Pos Error:  -2
Count:  20553
Pos Error:  0
Count:  20554
Pos Error:  0
Count:  20555
Pos Error:  -2
Count:  20556
Pos Error:  -2
Count:  20557
Pos Error:  0
Count:  20558
Pos Error:  -2
Count:  20559
Pos Error:  0
Count:  20560
Pos Error:  0
Count:  20561
Pos Error:  -2
Count:  20562
Pos Error:  -2
Count:  20563
Pos Error:  0
Count:  20564
Pos Error:  -2
Count:  20565
Pos Error:  0
Count:  20566
Pos Error:  -2
Count:  20567
Pos Error:  -2
Count:  20568
Pos Error:  -2
Count:  20569
Pos Error:  -2
Count:  20570
Pos Error:  -2
Count:  20571
Pos Error:  -2
Count:  20572
Pos Error:  0
Count:  20573
Pos Error:  -2
Count:  20574
Pos Error:  -2
Count:  20575
Pos Error:  -2
Count:  20576
Pos Error:  -2
Count:  20577
Pos Error:  -2
Count:  20578
Pos Error:  0
Count:  20579
Pos Error:  0
Count:  20580
Pos Error:  0
Count:  20581
Pos Error:  0
Count:  20582
Pos Error:  0
Count:  20583
Pos Error:  -2
Count:  20584
Pos Error:  0
Count:  20585
Pos Error:  0
Count:  20586
Pos Error:  -2
Count:  20587
Pos Error:  0
Count:  20588
Pos Error:  -2
Count:  20589
Pos Error:  -2
Count:  20590
Pos Error:  -1
Count:  20591
Pos Error:  -2
Count:  20592
Pos Error:  -2
Count:  20593
Pos Error:  -2
Count:  20594
Pos Error:  -2
Count:  20595
Pos Error:  0
Count:  20596
Pos Error:  0
Count:  20597
Pos Error:  0
Count:  20598
Pos Error:  0
Count:  20599
Pos Error:  -2
Count:  20600
Pos Error:  -2
Count:  20601
Pos Error:  -2
Count:  20602
Pos Error:  -2
Count:  20603
Pos Error:  0
Count:  20604
Pos Error:  -2
Count:  20605
Pos Error:  -2
Count:  20606
Pos Error:  -1
Count:  20607
Pos Error:  -1
Count:  20608
Pos Error:  -2
Count:  20609
Pos Error:  -2
Count:  20610
Pos Error:  0
Count:  20611
Pos Error:  -2
Count:  20612
Pos Error:  -2
Count:  20613
Pos Error:  -2
Count:  20614
Pos Error:  -2
Count:  20615
Pos Error:  0
Count:  20616
Pos Error:  -2
Count:  20617
Pos Error:  -2
Count:  20618
Pos Error:  -2
Count:  20619
Pos Error:  -2
Count:  20620
Pos Error:  0
Count:  20621
Pos Error:  -2
Count:  20622
Pos Error:  0
Count:  20623
Pos Error:  -2
Count:  20624
Pos Error:  -2
Count:  20625
Pos Error:  0
Count:  20626
Pos Error:  0
Count:  20627
Pos Error:  -2
Count:  20628
Pos Error:  -2
Count:  20629
Pos Error:  -2
Count:  20630
Pos Error:  -2
Count:  20631
Pos Error:  0
Count:  20632
Pos Error:  -2
Count:  20633
Pos Error:  -2
Count:  20634
Pos Error:  -2
Count:  20635
Pos Error:  -2
Count:  20636
Pos Error:  -2
Count:  20637
Pos Error:  -2
Count:  20638
Pos Error:  0
Count:  20639
Pos Error:  0
Count:  20640
Pos Error:  0
Count:  20641
Pos Error:  0
Count:  20642
Pos Error:  0
Count:  20643
Pos Error:  0
Count:  20644
Pos Error:  -2
Count:  20645
Pos Error:  -2
Count:  20646
Pos Error:  -2
Count:  20647
Pos Error:  -2
Count:  20648
Pos Error:  -2
Count:  20649
Pos Error:  -2
Count:  20650
Pos Error:  -2
Count:  20651
Pos Error:  0
Count:  20652
Pos Error:  -2
Count:  20653
Pos Error:  -2
Count:  20654
Pos Error:  -2
Count:  20655
Pos Error:  0
Count:  20656
Pos Error:  0
Count:  20657
Pos Error:  0
Count:  20658
Pos Error:  0
Count:  20659
Pos Error:  -6
Count:  20660
Pos Error:  1
Count:  20661
Pos Error:  -1
Count:  20662
Pos Error:  -2
Count:  20663
Pos Error:  0
Count:  20664
Pos Error:  -2
Count:  20665
Pos Error:  0
Count:  20666
Pos Error:  -2
Count:  20667
Pos Error:  0
Count:  20668
Pos Error:  -2
Count:  20669
Pos Error:  -2
Count:  20670
Pos Error:  -2
Count:  20671
Pos Error:  -2
Count:  20672
Pos Error:  0
Count:  20673
Pos Error:  -2
Count:  20674
Pos Error:  -2
Count:  20675
Pos Error:  -2
Count:  20676
Pos Error:  -2
Count:  20677
Pos Error:  -2
Count:  20678
Pos Error:  -2
Count:  20679
Pos Error:  0
Count:  20680
Pos Error:  -1
Count:  20681
Pos Error:  -3
Count:  20682
Pos Error:  0
Count:  20683
Pos Error:  0
Count:  20684
Pos Error:  -2
Count:  20685
Pos Error:  0
Count:  20686
Pos Error:  -2
Count:  20687
Pos Error:  0
Count:  20688
Pos Error:  1
Count:  20689
Pos Error:  -3
Count:  20690
Pos Error:  -2
Count:  20691
Pos Error:  1
Count:  20692
Pos Error:  0
Count:  20693
Pos Error:  -3
Count:  20694
Pos Error:  0
Count:  20695
Pos Error:  0
Count:  20696
Pos Error:  0
Count:  20697
Pos Error:  -2
Count:  20698
Pos Error:  -2
Count:  20699
Pos Error:  -2
Count:  20700
Pos Error:  0
Count:  20701
Pos Error:  -2
Count:  20702
Pos Error:  -2
Count:  20703
Pos Error:  -2
Count:  20704
Pos Error:  -2
Count:  20705
Pos Error:  0
Count:  20706
Pos Error:  0
Count:  20707
Pos Error:  0
Count:  20708
Pos Error:  0
Count:  20709
Pos Error:  -6
Count:  20710
Pos Error:  0
Count:  20711
Pos Error:  -2
Count:  20712
Pos Error:  -2
Count:  20713
Pos Error:  -2
Count:  20714
Pos Error:  -2
Count:  20715
Pos Error:  0
Count:  20716
Pos Error:  1
Count:  20717
Pos Error:  -1
Count:  20718
Pos Error:  0
Count:  20719
Pos Error:  -2
Count:  20720
Pos Error:  -2
Count:  20721
Pos Error:  0
Count:  20722
Pos Error:  -2
Count:  20723
Pos Error:  0
Count:  20724
Pos Error:  0
Count:  20725
Pos Error:  0
Count:  20726
Pos Error:  0
Count:  20727
Pos Error:  -2
Count:  20728
Pos Error:  -2
Count:  20729
Pos Error:  -2
Count:  20730
Pos Error:  0
Count:  20731
Pos Error:  0
Count:  20732
Pos Error:  -2
Count:  20733
Pos Error:  -2
Count:  20734
Pos Error:  -2
Count:  20735
Pos Error:  0
Count:  20736
Pos Error:  -2
Count:  20737
Pos Error:  -2
Count:  20738
Pos Error:  -2
Count:  20739
Pos Error:  -2
Count:  20740
Pos Error:  0
Count:  20741
Pos Error:  -2
Count:  20742
Pos Error:  0
Count:  20743
Pos Error:  0
Count:  20744
Pos Error:  -2
Count:  20745
Pos Error:  0
Count:  20746
Pos Error:  0
Count:  20747
Pos Error:  -2
Count:  20748
Pos Error:  -2
Count:  20749
Pos Error:  0
Count:  20750
Pos Error:  -2
Count:  20751
Pos Error:  -2
Count:  20752
Pos Error:  -2
Count:  20753
Pos Error:  -2
Count:  20754
Pos Error:  0
Count:  20755
Pos Error:  -2
Count:  20756
Pos Error:  -2
Count:  20757
Pos Error:  -2
Count:  20758
Pos Error:  -2
Count:  20759
Pos Error:  -1
Count:  20760
Pos Error:  -3
Count:  20761
Pos Error:  -2
Count:  20762
Pos Error:  -2
Count:  20763
Pos Error:  -2
Count:  20764
Pos Error:  0
Count:  20765
Pos Error:  -2
Count:  20766
Pos Error:  -2
Count:  20767
Pos Error:  -2
Count:  20768
Pos Error:  0
Count:  20769
Pos Error:  0
Count:  20770
Pos Error:  0
Count:  20771
Pos Error:  -2
Count:  20772
Pos Error:  -2
Count:  20773
Pos Error:  -1
Count:  20774
Pos Error:  -3
Count:  20775
Pos Error:  0
Count:  20776
Pos Error:  -2
Count:  20777
Pos Error:  -2
Count:  20778
Pos Error:  -5
Count:  20779
Pos Error:  -3
Count:  20780
Pos Error:  -2
Count:  20781
Pos Error:  -2
Count:  20782
Pos Error:  -2
Count:  20783
Pos Error:  -2
Count:  20784
Pos Error:  -7
Count:  20785
Pos Error:  -1
Count:  20786
Pos Error:  -3
Count:  20787
Pos Error:  1
Count:  20788
Pos Error:  -8
Count:  20789
Pos Error:  0
Count:  20790
Pos Error:  0
Count:  20791
Pos Error:  0
Count:  20792
Pos Error:  -2
Count:  20793
Pos Error:  -2
Count:  20794
Pos Error:  -2
Count:  20795
Pos Error:  -2
Count:  20796
Pos Error:  0
Count:  20797
Pos Error:  0
Count:  20798
Pos Error:  -2
Count:  20799
Pos Error:  -2
Count:  20800
Pos Error:  -6
Count:  20801
Pos Error:  0
Count:  20802
Pos Error:  -2
Count:  20803
Pos Error:  -2
Count:  20804
Pos Error:  0
Count:  20805
Pos Error:  -2
Count:  20806
Pos Error:  -2
Count:  20807
Pos Error:  -2
Count:  20808
Pos Error:  0
Count:  20809
Pos Error:  -1
Count:  20810
Pos Error:  -1
Count:  20811
Pos Error:  -2
Count:  20812
Pos Error:  -2
Count:  20813
Pos Error:  -2
Count:  20814
Pos Error:  -2
Count:  20815
Pos Error:  -2
Count:  20816
Pos Error:  -7
Count:  20817
Pos Error:  -3
Count:  20818
Pos Error:  -1
Count:  20819
Pos Error:  -3
Count:  20820
Pos Error:  0
Count:  20821
Pos Error:  0
Count:  20822
Pos Error:  -2
Count:  20823
Pos Error:  -2
Count:  20824
Pos Error:  -5
Count:  20825
Pos Error:  -3
Count:  20826
Pos Error:  -2
Count:  20827
Pos Error:  -2
Count:  20828
Pos Error:  -2
Count:  20829
Pos Error:  0
Count:  20830
Pos Error:  0
Count:  20831
Pos Error:  -6
Count:  20832
Pos Error:  -2
Count:  20833
Pos Error:  -2
Count:  20834
Pos Error:  -1
Count:  20835
Pos Error:  -1
Count:  20836
Pos Error:  -2
Count:  20837
Pos Error:  1
Count:  20838
Pos Error:  -1
Count:  20839
Pos Error:  -2
Count:  20840
Pos Error:  -2
Count:  20841
Pos Error:  -2
Count:  20842
Pos Error:  -1
Count:  20843
Pos Error:  -3
Count:  20844
Pos Error:  -1
Count:  20845
Pos Error:  -7
Count:  20846
Pos Error:  -2
Count:  20847
Pos Error:  1
Count:  20848
Pos Error:  0
Count:  20849
Pos Error:  0
Count:  20850
Pos Error:  -1
Count:  20851
Pos Error:  0
Count:  20852
Pos Error:  -2
Count:  20853
Pos Error:  -2
Count:  20854
Pos Error:  -1
Count:  20855
Pos Error:  -3
Count:  20856
Pos Error:  -2
Count:  20857
Pos Error:  -1
Count:  20858
Pos Error:  -1
Count:  20859
Pos Error:  1
Count:  20860
Pos Error:  0
Count:  20861
Pos Error:  -1
Count:  20862
Pos Error:  -2
Count:  20863
Pos Error:  -2
Count:  20864
Pos Error:  -2
Count:  20865
Pos Error:  1
Count:  20866
Pos Error:  -6
Count:  20867
Pos Error:  -3
Count:  20868
Pos Error:  -1
Count:  20869
Pos Error:  0
Count:  20870
Pos Error:  -3
Count:  20871
Pos Error:  0
Count:  20872
Pos Error:  0
Count:  20873
Pos Error:  -2
Count:  20874
Pos Error:  0
Count:  20875
Pos Error:  0
Count:  20876
Pos Error:  -1
Count:  20877
Pos Error:  -3
Count:  20878
Pos Error:  -2
Count:  20879
Pos Error:  -2
Count:  20880
Pos Error:  0
Count:  20881
Pos Error:  -1
Count:  20882
Pos Error:  -3
Count:  20883
Pos Error:  1
Count:  20884
Pos Error:  -3
Count:  20885
Pos Error:  -2
Count:  20886
Pos Error:  -2
Count:  20887
Pos Error:  -2
Count:  20888
Pos Error:  -2
Count:  20889
Pos Error:  -6
Count:  20890
Pos Error:  -2
Count:  20891
Pos Error:  0
Count:  20892
Pos Error:  0
Count:  20893
Pos Error:  0
Count:  20894
Pos Error:  -1
Count:  20895
Pos Error:  -3
Count:  20896
Pos Error:  -2
Count:  20897
Pos Error:  -2
Count:  20898
Pos Error:  -2
Count:  20899
Pos Error:  -2
Count:  20900
Pos Error:  -6
Count:  20901
Pos Error:  -1
Count:  20902
Pos Error:  -3
Count:  20903
Pos Error:  0
Count:  20904
Pos Error:  -2
Count:  20905
Pos Error:  0
Count:  20906
Pos Error:  -2
Count:  20907
Pos Error:  -2
Count:  20908
Pos Error:  -2
Count:  20909
Pos Error:  -2
Count:  20910
Pos Error:  0
Count:  20911
Pos Error:  0
Count:  20912
Pos Error:  0
Count:  20913
Pos Error:  -2
Count:  20914
Pos Error:  -2
Count:  20915
Pos Error:  1
Count:  20916
Pos Error:  0
Count:  20917
Pos Error:  -2
Count:  20918
Pos Error:  -3
Count:  20919
Pos Error:  0
Count:  20920
Pos Error:  0
Count:  20921
Pos Error:  0
Count:  20922
Pos Error:  1
Count:  20923
Pos Error:  -2
Count:  20924
Pos Error:  -3
Count:  20925
Pos Error:  -1
Count:  20926
Pos Error:  -3
Count:  20927
Pos Error:  -2
Count:  20928
Pos Error:  0
Count:  20929
Pos Error:  -2
Count:  20930
Pos Error:  -1
Count:  20931
Pos Error:  -3
Count:  20932
Pos Error:  -2
Count:  20933
Pos Error:  0
Count:  20934
Pos Error:  0
Count:  20935
Pos Error:  0
Count:  20936
Pos Error:  -2
Count:  20937
Pos Error:  -2
Count:  20938
Pos Error:  -2
Count:  20939
Pos Error:  -2
Count:  20940
Pos Error:  -2
Count:  20941
Pos Error:  -2
Count:  20942
Pos Error:  -2
Count:  20943
Pos Error:  -2
Count:  20944
Pos Error:  -2
Count:  20945
Pos Error:  0
Count:  20946
Pos Error:  0
Count:  20947
Pos Error:  -2
Count:  20948
Pos Error:  0
Count:  20949
Pos Error:  -2
Count:  20950
Pos Error:  -2
Count:  20951
Pos Error:  0
Count:  20952
Pos Error:  -2
Count:  20953
Pos Error:  0
Count:  20954
Pos Error:  -2
Count:  20955
Pos Error:  0
Count:  20956
Pos Error:  -2
Count:  20957
Pos Error:  -2
Count:  20958
Pos Error:  -2
Count:  20959
Pos Error:  0
Count:  20960
Pos Error:  -2
Count:  20961
Pos Error:  0
Count:  20962
Pos Error:  -2
Count:  20963
Pos Error:  -2
Count:  20964
Pos Error:  0
Count:  20965
Pos Error:  -2
Count:  20966
Pos Error:  0
Count:  20967
Pos Error:  0
Count:  20968
Pos Error:  -2
Count:  20969
Pos Error:  -2
Count:  20970
Pos Error:  -2
Count:  20971
Pos Error:  -2
Count:  20972
Pos Error:  -2
Count:  20973
Pos Error:  -2
Count:  20974
Pos Error:  -1
Count:  20975
Pos Error:  -2
Count:  20976
Pos Error:  0
Count:  20977
Pos Error:  -3
Count:  20978
Pos Error:  -1
Count:  20979
Pos Error:  -2
Count:  20980
Pos Error:  0
Count:  20981
Pos Error:  -3
Count:  20982
Pos Error:  -2
Count:  20983
Pos Error:  -2
Count:  20984
Pos Error:  0
Count:  20985
Pos Error:  -1
Count:  20986
Pos Error:  -2
Count:  20987
Pos Error:  -2
Count:  20988
Pos Error:  -1
Count:  20989
Pos Error:  -2
Count:  20990
Pos Error:  -2
Count:  20991
Pos Error:  0
Count:  20992
Pos Error:  1
Count:  20993
Pos Error:  -3
Count:  20994
Pos Error:  -2
Count:  20995
Pos Error:  0
Count:  20996
Pos Error:  -2
Count:  20997
Pos Error:  0
Count:  20998
Pos Error:  -1
Count:  20999
Pos Error:  0
Count:  21000
Pos Error:  -7
Count:  21001
Pos Error:  -2
Count:  21002
Pos Error:  1
Count:  21003
Pos Error:  -2
Count:  21004
Pos Error:  -2
Count:  21005
Pos Error:  -1
Count:  21006
Pos Error:  -1
Count:  21007
Pos Error:  -2
Count:  21008
Pos Error:  -3
Count:  21009
Pos Error:  -1
Count:  21010
Pos Error:  -2
Count:  21011
Pos Error:  -2
Count:  21012
Pos Error:  -3
Count:  21013
Pos Error:  -2
Count:  21014
Pos Error:  0
Count:  21015
Pos Error:  -2
Count:  21016
Pos Error:  -1
Count:  21017
Pos Error:  -2
Count:  21018
Pos Error:  0
Count:  21019
Pos Error:  -1
Count:  21020
Pos Error:  -2
Count:  21021
Pos Error:  -2
Count:  21022
Pos Error:  -1
Count:  21023
Pos Error:  0
Count:  21024
Pos Error:  -2
Count:  21025
Pos Error:  -2
Count:  21026
Pos Error:  -2
Count:  21027
Pos Error:  -2
Count:  21028
Pos Error:  -2
Count:  21029
Pos Error:  -1
Count:  21030
Pos Error:  -1
Count:  21031
Pos Error:  -2
Count:  21032
Pos Error:  -3
Count:  21033
Pos Error:  0
Count:  21034
Pos Error:  1
Count:  21035
Pos Error:  -1
Count:  21036
Pos Error:  -1
Count:  21037
Pos Error:  0
Count:  21038
Pos Error:  -2
Count:  21039
Pos Error:  -2
Count:  21040
Pos Error:  -2
Count:  21041
Pos Error:  -1
Count:  21042
Pos Error:  -1
Count:  21043
Pos Error:  -3
Count:  21044
Pos Error:  -2
Count:  21045
Pos Error:  -1
Count:  21046
Pos Error:  -1
Count:  21047
Pos Error:  -1
Count:  21048
Pos Error:  -2
Count:  21049
Pos Error:  -1
Count:  21050
Pos Error:  -2
Count:  21051
Pos Error:  0
Count:  21052
Pos Error:  -1
Count:  21053
Pos Error:  -2
Count:  21054
Pos Error:  -2
Count:  21055
Pos Error:  -1
Count:  21056
Pos Error:  0
Count:  21057
Pos Error:  -5
Count:  21058
Pos Error:  -3
Count:  21059
Pos Error:  0
Count:  21060
Pos Error:  -1
Count:  21061
Pos Error:  -3
Count:  21062
Pos Error:  -2
Count:  21063
Pos Error:  -1
Count:  21064
Pos Error:  -3
Count:  21065
Pos Error:  1
Count:  21066
Pos Error:  -2
Count:  21067
Pos Error:  -2
Count:  21068
Pos Error:  -3
Count:  21069
Pos Error:  -1
Count:  21070
Pos Error:  -2
Count:  21071
Pos Error:  -1
Count:  21072
Pos Error:  -2
Count:  21073
Pos Error:  -1
Count:  21074
Pos Error:  -3
Count:  21075
Pos Error:  0
Count:  21076
Pos Error:  -1
Count:  21077
Pos Error:  -2
Count:  21078
Pos Error:  -3
Count:  21079
Pos Error:  1
Count:  21080
Pos Error:  -3
Count:  21081
Pos Error:  -2
Count:  21082
Pos Error:  -1
Count:  21083
Pos Error:  -3
Count:  21084
Pos Error:  -1
Count:  21085
Pos Error:  -2
Count:  21086
Pos Error:  -1
Count:  21087
Pos Error:  -2
Count:  21088
Pos Error:  -1
Count:  21089
Pos Error:  -2
Count:  21090
Pos Error:  -1
Count:  21091
Pos Error:  -5
Count:  21092
Pos Error:  -3
Count:  21093
Pos Error:  1
Count:  21094
Pos Error:  -3
Count:  21095
Pos Error:  -1
Count:  21096
Pos Error:  -3
Count:  21097
Pos Error:  -1
Count:  21098
Pos Error:  -3
Count:  21099
Pos Error:  0
Count:  21100
Pos Error:  -1
Count:  21101
Pos Error:  -1
Count:  21102
Pos Error:  -2
Count:  21103
Pos Error:  0
Count:  21104
Pos Error:  -2
Count:  21105
Pos Error:  -2
Count:  21106
Pos Error:  -1
Count:  21107
Pos Error:  -7
Count:  21108
Pos Error:  -2
Count:  21109
Pos Error:  0
Count:  21110
Pos Error:  1
Count:  21111
Pos Error:  -1
Count:  21112
Pos Error:  1
Count:  21113
Pos Error:  0
Count:  21114
Pos Error:  -3
Count:  21115
Pos Error:  0
Count:  21116
Pos Error:  -6
Count:  21117
Pos Error:  -2
Count:  21118
Pos Error:  -1
Count:  21119
Pos Error:  -2
Count:  21120
Pos Error:  -3
Count:  21121
Pos Error:  1
Count:  21122
Pos Error:  -3
Count:  21123
Pos Error:  -6
Count:  21124
Pos Error:  -2
Count:  21125
Pos Error:  1
Count:  21126
Pos Error:  -3
Count:  21127
Pos Error:  0
Count:  21128
Pos Error:  -2
Count:  21129
Pos Error:  1
Count:  21130
Pos Error:  -3
Count:  21131
Pos Error:  -1
Count:  21132
Pos Error:  0
Count:  21133
Pos Error:  -2
Count:  21134
Pos Error:  0
Count:  21135
Pos Error:  -2
Count:  21136
Pos Error:  -3
Count:  21137
Pos Error:  0
Count:  21138
Pos Error:  -1
Count:  21139
Pos Error:  -2
Count:  21140
Pos Error:  0
Count:  21141
Pos Error:  -3
Count:  21142
Pos Error:  1
Count:  21143
Pos Error:  -1
Count:  21144
Pos Error:  -1
Count:  21145
Pos Error:  -3
Count:  21146
Pos Error:  -1
Count:  21147
Pos Error:  0
Count:  21148
Pos Error:  -1
Count:  21149
Pos Error:  0
Count:  21150
Pos Error:  0
Count:  21151
Pos Error:  -2
Count:  21152
Pos Error:  -1
Count:  21153
Pos Error:  -1
Count:  21154
Pos Error:  -2
Count:  21155
Pos Error:  -2
Count:  21156
Pos Error:  -2
Count:  21157
Pos Error:  -2
Count:  21158
Pos Error:  0
Count:  21159
Pos Error:  0
Count:  21160
Pos Error:  -2
Count:  21161
Pos Error:  -1
Count:  21162
Pos Error:  -3
Count:  21163
Pos Error:  0
Count:  21164
Pos Error:  -1
Count:  21165
Pos Error:  -3
Count:  21166
Pos Error:  -2
Count:  21167
Pos Error:  -2
Count:  21168
Pos Error:  -2
Count:  21169
Pos Error:  0
Count:  21170
Pos Error:  -2
Count:  21171
Pos Error:  -2
Count:  21172
Pos Error:  -2
Count:  21173
Pos Error:  -2
Count:  21174
Pos Error:  -1
Count:  21175
Pos Error:  -3
Count:  21176
Pos Error:  -6
Count:  21177
Pos Error:  -2
Count:  21178
Pos Error:  0
Count:  21179
Pos Error:  -2
Count:  21180
Pos Error:  -1
Count:  21181
Pos Error:  -3
Count:  21182
Pos Error:  1
Count:  21183
Pos Error:  -3
Count:  21184
Pos Error:  0
Count:  21185
Pos Error:  -2
Count:  21186
Pos Error:  -2
Count:  21187
Pos Error:  0
Count:  21188
Pos Error:  1
Count:  21189
Pos Error:  -2
Count:  21190
Pos Error:  -1
Count:  21191
Pos Error:  -2
Count:  21192
Pos Error:  1
Count:  21193
Pos Error:  -2
Count:  21194
Pos Error:  -3
Count:  21195
Pos Error:  -2
Count:  21196
Pos Error:  -2
Count:  21197
Pos Error:  -1
Count:  21198
Pos Error:  -1
Count:  21199
Pos Error:  0
Count:  21200
Pos Error:  -1
Count:  21201
Pos Error:  -2
Count:  21202
Pos Error:  -3
Count:  21203
Pos Error:  -2
Count:  21204
Pos Error:  -1
Count:  21205
Pos Error:  -1
Count:  21206
Pos Error:  -2
Count:  21207
Pos Error:  -6
Count:  21208
Pos Error:  1
Count:  21209
Pos Error:  -3
Count:  21210
Pos Error:  -1
Count:  21211
Pos Error:  -3
Count:  21212
Pos Error:  -2
Count:  21213
Pos Error:  0
Count:  21214
Pos Error:  0
Count:  21215
Pos Error:  -1
Count:  21216
Pos Error:  0
Count:  21217
Pos Error:  -2
Count:  21218
Pos Error:  -1
Count:  21219
Pos Error:  0
Count:  21220
Pos Error:  -1
Count:  21221
Pos Error:  -2
Count:  21222
Pos Error:  -1
Count:  21223
Pos Error:  -5
Count:  21224
Pos Error:  -2
Count:  21225
Pos Error:  -1
Count:  21226
Pos Error:  -6
Count:  21227
Pos Error:  0
Count:  21228
Pos Error:  0
Count:  21229
Pos Error:  -1
Count:  21230
Pos Error:  0
Count:  21231
Pos Error:  -3
Count:  21232
Pos Error:  -2
Count:  21233
Pos Error:  0
Count:  21234
Pos Error:  -1
Count:  21235
Pos Error:  -2
Count:  21236
Pos Error:  -2
Count:  21237
Pos Error:  -2
Count:  21238
Pos Error:  -3
Count:  21239
Pos Error:  0
Count:  21240
Pos Error:  0
Count:  21241
Pos Error:  -1
Count:  21242
Pos Error:  0
Count:  21243
Pos Error:  -1
Count:  21244
Pos Error:  0
Count:  21245
Pos Error:  0
Count:  21246
Pos Error:  -2
Count:  21247
Pos Error:  -2
Count:  21248
Pos Error:  -5
Count:  21249
Pos Error:  -3
Count:  21250
Pos Error:  -2
Count:  21251
Pos Error:  -2
Count:  21252
Pos Error:  0
Count:  21253
Pos Error:  -2
Count:  21254
Pos Error:  0
Count:  21255
Pos Error:  -2
Count:  21256
Pos Error:  0
Count:  21257
Pos Error:  -6
Count:  21258
Pos Error:  0
Count:  21259
Pos Error:  0
Count:  21260
Pos Error:  -2
Count:  21261
Pos Error:  -2
Count:  21262
Pos Error:  0
Count:  21263
Pos Error:  0
Count:  21264
Pos Error:  -2
Count:  21265
Pos Error:  0
Count:  21266
Pos Error:  -2
Count:  21267
Pos Error:  0
Count:  21268
Pos Error:  -2
Count:  21269
Pos Error:  -2
Count:  21270
Pos Error:  0
Count:  21271
Pos Error:  -2
Count:  21272
Pos Error:  -2
Count:  21273
Pos Error:  -2
Count:  21274
Pos Error:  -2
Count:  21275
Pos Error:  -2
Count:  21276
Pos Error:  -2
Count:  21277
Pos Error:  -2
Count:  21278
Pos Error:  -2
Count:  21279
Pos Error:  -2
Count:  21280
Pos Error:  0
Count:  21281
Pos Error:  0
Count:  21282
Pos Error:  -2
Count:  21283
Pos Error:  -2
Count:  21284
Pos Error:  -2
Count:  21285
Pos Error:  -2
Count:  21286
Pos Error:  0
Count:  21287
Pos Error:  -2
Count:  21288
Pos Error:  -2
Count:  21289
Pos Error:  -2
Count:  21290
Pos Error:  -2
Count:  21291
Pos Error:  -2
Count:  21292
Pos Error:  -2
Count:  21293
Pos Error:  -2
Count:  21294
Pos Error:  0
Count:  21295
Pos Error:  0
Count:  21296
Pos Error:  -2
Count:  21297
Pos Error:  0
Count:  21298
Pos Error:  -2
Count:  21299
Pos Error:  -2
Count:  21300
Pos Error:  -2
Count:  21301
Pos Error:  -2
Count:  21302
Pos Error:  -2
Count:  21303
Pos Error:  -2
Count:  21304
Pos Error:  -2
Count:  21305
Pos Error:  0
Count:  21306
Pos Error:  0
Count:  21307
Pos Error:  -2
Count:  21308
Pos Error:  0
Count:  21309
Pos Error:  0
Count:  21310
Pos Error:  0
Count:  21311
Pos Error:  0
Count:  21312
Pos Error:  0
Count:  21313
Pos Error:  -2
Count:  21314
Pos Error:  0
Count:  21315
Pos Error:  -2
Count:  21316
Pos Error:  -2
Count:  21317
Pos Error:  0
Count:  21318
Pos Error:  -2
Count:  21319
Pos Error:  0
Count:  21320
Pos Error:  -2
Count:  21321
Pos Error:  -2
Count:  21322
Pos Error:  -2
Count:  21323
Pos Error:  -2
Count:  21324
Pos Error:  -2
Count:  21325
Pos Error:  -3
Count:  21326
Pos Error:  1
Count:  21327
Pos Error:  0
Count:  21328
Pos Error:  0
Count:  21329
Pos Error:  0
Count:  21330
Pos Error:  -2
Count:  21331
Pos Error:  -6
Count:  21332
Pos Error:  0
Count:  21333
Pos Error:  -2
Count:  21334
Pos Error:  -2
Count:  21335
Pos Error:  -2
Count:  21336
Pos Error:  -2
Count:  21337
Pos Error:  0
Count:  21338
Pos Error:  -2
Count:  21339
Pos Error:  0
Count:  21340
Pos Error:  0
Count:  21341
Pos Error:  0
Count:  21342
Pos Error:  -2
Count:  21343
Pos Error:  -2
Count:  21344
Pos Error:  0
Count:  21345
Pos Error:  -2
Count:  21346
Pos Error:  -2
Count:  21347
Pos Error:  0
Count:  21348
Pos Error:  -2
Count:  21349
Pos Error:  0
Count:  21350
Pos Error:  -2
Count:  21351
Pos Error:  -2
Count:  21352
Pos Error:  -2
Count:  21353
Pos Error:  -1
Count:  21354
Pos Error:  -3
Count:  21355
Pos Error:  -2
Count:  21356
Pos Error:  0
Count:  21357
Pos Error:  0
Count:  21358
Pos Error:  -2
Count:  21359
Pos Error:  -2
Count:  21360
Pos Error:  -2
Count:  21361
Pos Error:  0
Count:  21362
Pos Error:  -2
Count:  21363
Pos Error:  -1
Count:  21364
Pos Error:  -1
Count:  21365
Pos Error:  -2
Count:  21366
Pos Error:  -1
Count:  21367
Pos Error:  -3
Count:  21368
Pos Error:  -1
Count:  21369
Pos Error:  -1
Count:  21370
Pos Error:  -2
Count:  21371
Pos Error:  0
Count:  21372
Pos Error:  0
Count:  21373
Pos Error:  0
Count:  21374
Pos Error:  0
Count:  21375
Pos Error:  -1
Count:  21376
Pos Error:  -3
Count:  21377
Pos Error:  -2
Count:  21378
Pos Error:  0
Count:  21379
Pos Error:  0
Count:  21380
Pos Error:  -2
Count:  21381
Pos Error:  0
Count:  21382
Pos Error:  1
Count:  21383
Pos Error:  -3
Count:  21384
Pos Error:  -2
Count:  21385
Pos Error:  0
Count:  21386
Pos Error:  1
Count:  21387
Pos Error:  -3
Count:  21388
Pos Error:  -1
Count:  21389
Pos Error:  -3
Count:  21390
Pos Error:  -2
Count:  21391
Pos Error:  0
Count:  21392
Pos Error:  -1
Count:  21393
Pos Error:  -3
Count:  21394
Pos Error:  -2
Count:  21395
Pos Error:  0
Count:  21396
Pos Error:  -1
Count:  21397
Pos Error:  -2
Count:  21398
Pos Error:  -2
Count:  21399
Pos Error:  -3
Count:  21400
Pos Error:  -2
Count:  21401
Pos Error:  -1
Count:  21402
Pos Error:  -2
Count:  21403
Pos Error:  -2
Count:  21404
Pos Error:  -3
Count:  21405
Pos Error:  0
Count:  21406
Pos Error:  -2
Count:  21407
Pos Error:  -2
Count:  21408
Pos Error:  -2
Count:  21409
Pos Error:  -2
Count:  21410
Pos Error:  -2
Count:  21411
Pos Error:  0
Count:  21412
Pos Error:  0
Count:  21413
Pos Error:  0
Count:  21414
Pos Error:  -2
Count:  21415
Pos Error:  -2
Count:  21416
Pos Error:  -2
Count:  21417
Pos Error:  -2
Count:  21418
Pos Error:  -2
Count:  21419
Pos Error:  1
Count:  21420
Pos Error:  -1
Count:  21421
Pos Error:  -2
Count:  21422
Pos Error:  0
Count:  21423
Pos Error:  0
Count:  21424
Pos Error:  -2
Count:  21425
Pos Error:  -1
Count:  21426
Pos Error:  -1
Count:  21427
Pos Error:  -2
Count:  21428
Pos Error:  -2
Count:  21429
Pos Error:  -2
Count:  21430
Pos Error:  -2
Count:  21431
Pos Error:  -2
Count:  21432
Pos Error:  -2
Count:  21433
Pos Error:  -2
Count:  21434
Pos Error:  -1
Count:  21435
Pos Error:  -3
Count:  21436
Pos Error:  0
Count:  21437
Pos Error:  -2
Count:  21438
Pos Error:  0
Count:  21439
Pos Error:  0
Count:  21440
Pos Error:  -6
Count:  21441
Pos Error:  0
Count:  21442
Pos Error:  -2
Count:  21443
Pos Error:  -1
Count:  21444
Pos Error:  -3
Count:  21445
Pos Error:  0
Count:  21446
Pos Error:  -2
Count:  21447
Pos Error:  -2
Count:  21448
Pos Error:  0
Count:  21449
Pos Error:  0
Count:  21450
Pos Error:  -2
Count:  21451
Pos Error:  1
Count:  21452
Pos Error:  -3
Count:  21453
Pos Error:  1
Count:  21454
Pos Error:  -3
Count:  21455
Pos Error:  0
Count:  21456
Pos Error:  -1
Count:  21457
Pos Error:  -3
Count:  21458
Pos Error:  0
Count:  21459
Pos Error:  -2
Count:  21460
Pos Error:  -2
Count:  21461
Pos Error:  -3
Count:  21462
Pos Error:  -1
Count:  21463
Pos Error:  0
Count:  21464
Pos Error:  -6
Count:  21465
Pos Error:  0
Count:  21466
Pos Error:  -2
Count:  21467
Pos Error:  -2
Count:  21468
Pos Error:  -2
Count:  21469
Pos Error:  -2
Count:  21470
Pos Error:  -2
Count:  21471
Pos Error:  -2
Count:  21472
Pos Error:  -2
Count:  21473
Pos Error:  0
Count:  21474
Pos Error:  -2
Count:  21475
Pos Error:  -2
Count:  21476
Pos Error:  0
Count:  21477
Pos Error:  -2
Count:  21478
Pos Error:  -2
Count:  21479
Pos Error:  -2
Count:  21480
Pos Error:  -2
Count:  21481
Pos Error:  -2
Count:  21482
Pos Error:  -2
Count:  21483
Pos Error:  0
Count:  21484
Pos Error:  -2
Count:  21485
Pos Error:  -2
Count:  21486
Pos Error:  -2
Count:  21487
Pos Error:  -2
Count:  21488
Pos Error:  -2
Count:  21489
Pos Error:  -6
Count:  21490
Pos Error:  0
Count:  21491
Pos Error:  0
Count:  21492
Pos Error:  -2
Count:  21493
Pos Error:  -2
Count:  21494
Pos Error:  -2
Count:  21495
Pos Error:  -2
Count:  21496
Pos Error:  0
Count:  21497
Pos Error:  -2
Count:  21498
Pos Error:  0
Count:  21499
Pos Error:  0
Count:  21500
Pos Error:  -7
Count:  21501
Pos Error:  -1
Count:  21502
Pos Error:  0
Count:  21503
Pos Error:  -2
Count:  21504
Pos Error:  0
Count:  21505
Pos Error:  -2
Count:  21506
Pos Error:  -2
Count:  21507
Pos Error:  -6
Count:  21508
Pos Error:  0
Count:  21509
Pos Error:  1
Count:  21510
Pos Error:  -2
Count:  21511
Pos Error:  -2
Count:  21512
Pos Error:  -2
Count:  21513
Pos Error:  -2
Count:  21514
Pos Error:  -2
Count:  21515
Pos Error:  -2
Count:  21516
Pos Error:  -1
Count:  21517
Pos Error:  0
Count:  21518
Pos Error:  -2
Count:  21519
Pos Error:  -2
Count:  21520
Pos Error:  0
Count:  21521
Pos Error:  -2
Count:  21522
Pos Error:  -2
Count:  21523
Pos Error:  0
Count:  21524
Pos Error:  0
Count:  21525
Pos Error:  -2
Count:  21526
Pos Error:  0
Count:  21527
Pos Error:  0
Count:  21528
Pos Error:  -2
Count:  21529
Pos Error:  -2
Count:  21530
Pos Error:  -2
Count:  21531
Pos Error:  -2
Count:  21532
Pos Error:  -2
Count:  21533
Pos Error:  -2
Count:  21534
Pos Error:  -2
Count:  21535
Pos Error:  0
Count:  21536
Pos Error:  0
Count:  21537
Pos Error:  -2
Count:  21538
Pos Error:  0
Count:  21539
Pos Error:  -2
Count:  21540
Pos Error:  -2
Count:  21541
Pos Error:  0
Count:  21542
Pos Error:  -2
Count:  21543
Pos Error:  0
Count:  21544
Pos Error:  -2
Count:  21545
Pos Error:  0
Count:  21546
Pos Error:  -2
Count:  21547
Pos Error:  0
Count:  21548
Pos Error:  -2
Count:  21549
Pos Error:  -2
Count:  21550
Pos Error:  -2
Count:  21551
Pos Error:  -2
Count:  21552
Pos Error:  -2
Count:  21553
Pos Error:  -2
Count:  21554
Pos Error:  0
Count:  21555
Pos Error:  -2
Count:  21556
Pos Error:  0
Count:  21557
Pos Error:  0
Count:  21558
Pos Error:  -2
Count:  21559
Pos Error:  -2
Count:  21560
Pos Error:  -2
Count:  21561
Pos Error:  -2
Count:  21562
Pos Error:  -2
Count:  21563
Pos Error:  -2
Count:  21564
Pos Error:  -2
Count:  21565
Pos Error:  -2
Count:  21566
Pos Error:  -2
Count:  21567
Pos Error:  -2
Count:  21568
Pos Error:  -2
Count:  21569
Pos Error:  -2
Count:  21570
Pos Error:  -2
Count:  21571
Pos Error:  -2
Count:  21572
Pos Error:  -2
Count:  21573
Pos Error:  -2
Count:  21574
Pos Error:  -2
Count:  21575
Pos Error:  -2
Count:  21576
Pos Error:  0
Count:  21577
Pos Error:  0
Count:  21578
Pos Error:  0
Count:  21579
Pos Error:  0
Count:  21580
Pos Error:  0
Count:  21581
Pos Error:  -2
Count:  21582
Pos Error:  -2
Count:  21583
Pos Error:  0
Count:  21584
Pos Error:  -2
Count:  21585
Pos Error:  -2
Count:  21586
Pos Error:  -2
Count:  21587
Pos Error:  -1
Count:  21588
Pos Error:  -3
Count:  21589
Pos Error:  -2
Count:  21590
Pos Error:  -1
Count:  21591
Pos Error:  0
Count:  21592
Pos Error:  -3
Count:  21593
Pos Error:  -1
Count:  21594
Pos Error:  -1
Count:  21595
Pos Error:  -2
Count:  21596
Pos Error:  0
Count:  21597
Pos Error:  -2
Count:  21598
Pos Error:  -2
Count:  21599
Pos Error:  -2
Count:  21600
Pos Error:  -2
Count:  21601
Pos Error:  -2
Count:  21602
Pos Error:  0
Count:  21603
Pos Error:  -2
Count:  21604
Count:  21605
Count:  21606
Count:  21607
Count:  21608
Count:  21609
Count:  21610
Count:  21611
Count:  21612
Count:  21613
Count:  21614
Count:  21615
Count:  21616
Count:  21617
Count:  21618
Count:  21619
Count:  21620
Count:  21621
Count:  21622
Count:  21623
Count:  21624
Count:  21625
Count:  21626
Count:  21627
Count:  21628
Count:  21629
Count:  21630
Count:  21631
Count:  21632
Count:  21633
Count:  21634
Count:  21635
Count:  21636
Count:  21637
Count:  21638
Count:  21639
Count:  21640
Count:  21641
Count:  21642
Count:  21643
Count:  21644
Count:  21645
Count:  21646
Count:  21647
Count:  21648
Count:  21649
Count:  21650
Count:  21651
Count:  21652
Count:  21653
Count:  21654
Count:  21655
Count:  21656
Count:  21657
Pos Error:  61
Count:  21658
Count:  21659
Count:  21660
Count:  21661
Count:  21662
Pos Error:  -200
Count:  21663
Count:  21664
Count:  21665
Count:  21666
Count:  21667
Count:  21668
Count:  21669
Count:  21670
Count:  21671
Count:  21672
Count:  21673
Count:  21674
Count:  21675
Count:  21676
Count:  21677
Count:  21678
Count:  21679
Count:  21680
Count:  21681
Count:  21682
Count:  21683
Count:  21684
Count:  21685
Count:  21686
Count:  21687
Count:  21688
Count:  21689
Count:  21690
Count:  21691
Count:  21692
Count:  21693
Count:  21694
Count:  21695
Count:  21696
Count:  21697
Count:  21698
Count:  21699
Count:  21700
Count:  21701
Count:  21702
Count:  21703
Count:  21704
Count:  21705
Count:  21706
Count:  21707
Count:  21708
Count:  21709
Count:  21710
Count:  21711
Count:  21712
Pos Error:  170
Count:  21713
Pos Error:  -134
Count:  21714
Pos Error:  0
Count:  21715
Pos Error:  -2
Count:  21716
Pos Error:  0
Count:  21717
Pos Error:  -2
Count:  21718
Pos Error:  -2
Count:  21719
Pos Error:  -2
Count:  21720
Pos Error:  -2
Count:  21721
Pos Error:  -2
Count:  21722
Pos Error:  -2
Count:  21723
Pos Error:  0
Count:  21724
Pos Error:  0
Count:  21725
Pos Error:  -2
Count:  21726
Pos Error:  -2
Count:  21727
Pos Error:  -2
Count:  21728
Pos Error:  -6
Count:  21729
Pos Error:  0
Count:  21730
Pos Error:  -2
Count:  21731
Pos Error:  0
Count:  21732
Pos Error:  -2
Count:  21733
Pos Error:  -2
Count:  21734
Pos Error:  -2
Count:  21735
Pos Er